<?xml version="1.0" encoding="UTF-8"?>
<!-- Generated by org.testng.reporters.JUnitXMLReporter -->
<testsuite ignored="0" hostname="DESKTOP-D2G15EJ" failures="2" tests="4" name="Test" time="4.339" errors="0" timestamp="02 Apr 2022 02:17:30 GMT">
  <testcase classname="com.simplilearn.Phase5_Project2.RegistrationForm" name="invokeBrowser" time="0.123">
    <failure type="java.lang.IllegalStateException" message="The path to the driver executable must be set by the webdriver.chrome.driver system property; for more information, see https://github.com/SeleniumHQ/selenium/wiki/ChromeDriver. The latest version can be downloaded from http://chromedriver.storage.googleapis.com/index.html">
      <![CDATA[java.lang.IllegalStateException: The path to the driver executable must be set by the webdriver.chrome.driver system property; for more information, see https://github.com/SeleniumHQ/selenium/wiki/ChromeDriver. The latest version can be downloaded from http://chromedriver.storage.googleapis.com/index.html
at com.google.common.base.Preconditions.checkState(Preconditions.java:847)
at org.openqa.selenium.remote.service.DriverService.findExecutable(DriverService.java:134)
at org.openqa.selenium.chrome.ChromeDriverService.access$000(ChromeDriverService.java:35)
at org.openqa.selenium.chrome.ChromeDriverService$Builder.findDefaultExecutable(ChromeDriverService.java:159)
at org.openqa.selenium.remote.service.DriverService$Builder.build(DriverService.java:355)
at org.openqa.selenium.chrome.ChromeDriverService.createDefaultService(ChromeDriverService.java:94)
at org.openqa.selenium.chrome.ChromeDriver.<init>(ChromeDriver.java:123)
at com.simplilearn.Phase5_Project2.RegistrationForm.invokeBrowser(RegistrationForm.java:21)
... Removed 25 stack frames]]>
    </failure>
  </testcase> <!-- invokeBrowser -->
  <testcase classname="com.simplilearn.Phase5_Project2.RegistrationFormTest" name="f" time="0.003"/>
  <testcase classname="com.simplilearn.Phase5_Project2.RegistrationFormTest" name="f" time="0.002"/>
  <testcase classname="com.simplilearn.Phase5_Project2.RegistrationFormTest" name="invokeBrowserTest" time="0.003">
    <failure type="java.lang.RuntimeException" message="Test not implemented">
      <![CDATA[java.lang.RuntimeException: Test not implemented
at com.simplilearn.Phase5_Project2.RegistrationFormTest.invokeBrowserTest(RegistrationFormTest.java:64)
... Removed 25 stack frames]]>
    </failure>
  </testcase> <!-- invokeBrowserTest -->
</testsuite> <!-- Test -->
